2018-02-04 11:43:49,587 [Worker-0] INFO  c.g.t.t.d.PublishedGradleVersions - Gradle version information cache is up-to-date. Trying to read.
2018-02-04 11:50:44,721 [Worker-15] INFO  o.e.m.c.i.l.LifecycleMappingFactory - Using org.eclipse.m2e.jdt.JarLifecycleMapping lifecycle mapping for MavenProject: com.studentAssist:backend:0.0.1-SNAPSHOT @ C:\Users\SaiKiran\Documents\Apurv Project\StudentAssist\backend\pom.xml.
2018-02-04 11:50:48,541 [Worker-15] WARN  o.e.m.c.i.embedder.EclipseLogger - The POM for org.crashub:crash.shell:jar:1.3.2 is invalid, transitive dependencies (if any) will not be available, enable debug logging for more details
2018-02-04 11:51:08,552 [Worker-8] WARN  o.e.m.c.i.embedder.EclipseLogger - The POM for org.crashub:crash.shell:jar:1.3.2 is invalid, transitive dependencies (if any) will not be available, enable debug logging for more details
2018-02-04 11:51:09,970 [Worker-8] INFO  o.e.m.c.i.embedder.EclipseLogger - Using 'UTF-8' encoding to copy filtered resources.
2018-02-04 11:51:09,980 [Worker-8] INFO  o.e.m.c.i.embedder.EclipseLogger - Copying 1 resource
2018-02-04 11:51:10,020 [Worker-8] INFO  o.e.m.c.i.embedder.EclipseLogger - Copying 0 resource
2018-02-04 11:51:10,030 [Worker-8] INFO  o.e.m.c.i.embedder.EclipseLogger - Using 'UTF-8' encoding to copy filtered resources.
2018-02-04 11:51:10,031 [Worker-8] INFO  o.e.m.c.i.embedder.EclipseLogger - skip non existing resourceDirectory C:\Users\SaiKiran\Documents\Apurv Project\StudentAssist\backend\src\test\resources
2018-02-04 11:51:11,749 [Worker-8] INFO  o.e.m.c.i.l.LifecycleMappingFactory - Using org.eclipse.m2e.jdt.JarLifecycleMapping lifecycle mapping for MavenProject: com.studentAssist:frontend:0.0.1-SNAPSHOT @ C:\Users\SaiKiran\Documents\Apurv Project\StudentAssist\frontend\pom.xml.
2018-02-04 11:51:12,264 [Worker-8] INFO  o.e.m.c.i.l.LifecycleMappingFactory - Using org.eclipse.m2e.jdt.JarLifecycleMapping lifecycle mapping for MavenProject: com.studentAssist:backend:0.0.1-SNAPSHOT @ C:\Users\SaiKiran\Documents\Apurv Project\StudentAssist\backend\pom.xml.
2018-02-04 11:51:12,868 [Worker-8] WARN  o.e.m.c.i.embedder.EclipseLogger - The POM for org.crashub:crash.shell:jar:1.3.2 is invalid, transitive dependencies (if any) will not be available, enable debug logging for more details
2018-02-04 11:51:18,959 [Worker-8] INFO  c.g.e.m.p.f.lib.NodeInstaller - Node v6.10.1 is already installed.
2018-02-04 11:51:19,369 [Worker-8] INFO  c.g.e.m.p.frontend.lib.NPMInstaller - NPM 4.4.1 is already installed.
2018-02-04 11:51:19,374 [Worker-8] INFO  c.g.e.m.p.f.lib.DefaultNpmRunner - Running 'npm install' in C:\Users\SaiKiran\Documents\Apurv Project\StudentAssist\frontend\src\main\frontend
2018-02-04 11:52:22,261 [Thread-8] WARN  c.g.e.m.p.f.lib.DefaultNpmRunner - npm WARN optional SKIPPING OPTIONAL DEPENDENCY: fsevents@^1.0.0 (node_modules\chokidar\node_modules\fsevents):
2018-02-04 11:52:22,291 [Thread-8] WARN  c.g.e.m.p.f.lib.DefaultNpmRunner - npm WARN notsup SKIPPING OPTIONAL DEPENDENCY: Unsupported platform for fsevents@1.1.3: wanted {"os":"darwin","arch":"any"} (current: {"os":"win32","arch":"x64"})
2018-02-04 11:52:22,299 [Thread-8] WARN  c.g.e.m.p.f.lib.DefaultNpmRunner - npm WARN @schematics/angular@0.1.10 requires a peer of @angular-devkit/schematics@0.0.40 but none was installed.
2018-02-04 11:52:22,316 [Thread-8] WARN  c.g.e.m.p.f.lib.DefaultNpmRunner - npm WARN @schematics/schematics@0.0.10 requires a peer of @angular-devkit/schematics@0.0.40 but none was installed.
2018-02-04 11:52:22,329 [Thread-8] WARN  c.g.e.m.p.f.lib.DefaultNpmRunner - npm WARN ajv-keywords@2.1.1 requires a peer of ajv@^5.0.0 but none was installed.
2018-02-04 11:52:22,351 [Worker-8] INFO  c.g.e.m.p.f.lib.DefaultNpmRunner - Running 'npm run prod' in C:\Users\SaiKiran\Documents\Apurv Project\StudentAssist\frontend\src\main\frontend
2018-02-04 11:52:25,068 [Thread-13] INFO  c.g.e.m.p.f.lib.DefaultNpmRunner - 
2018-02-04 11:52:25,069 [Thread-13] INFO  c.g.e.m.p.f.lib.DefaultNpmRunner - > ng2boot@0.0.0 prod C:\Users\SaiKiran\Documents\Apurv Project\StudentAssist\frontend\src\main\frontend
2018-02-04 11:52:25,069 [Thread-13] INFO  c.g.e.m.p.f.lib.DefaultNpmRunner - > ng build --prod
2018-02-04 11:52:25,077 [Thread-13] INFO  c.g.e.m.p.f.lib.DefaultNpmRunner - 
2018-02-04 11:53:27,371 [Thread-13] INFO  c.g.e.m.p.f.lib.DefaultNpmRunner - [0mDate: [1m[37m2018-02-04T16:53:27.368Z[39m[22m[0m
2018-02-04 11:53:27,372 [Thread-14] ERROR c.g.e.m.p.f.lib.DefaultNpmRunner -   0% compiling 10% building modules 0/1 modules 1 active ...rontend\src\main\frontend\src\main.ts                                          10% building modules 1/1 modules 0 active 10% building modules 1/2 modules 1 active ...nd\src\main\frontend\src\polyfills.ts                                          10% building modules 2/2 modules 0 active 10% building modules 2/3 modules 1 active ...tend\src\main\frontend\src\styles.css                                          10% building modules 3/3 modules 0 active 10% building modules 3/4 modules 1 active ...tend\src\main\frontend\src\styles.css                                          10% building modules 4/4 modules 0 active 10% building modules 4/5 modules 1 active ...\prebuilt-themes\deeppurple-amber.css                                          10% building modules 5/5 modules 0 active 10% building modules 5/6 modules 1 active ...de_modules\css-loader\lib\css-base.js                                          10% building modules 6/6 modules 0 active 10% building modules 6/7 modules 1 active ...rontend\src\main\frontend\src\main.ts 10% building modules 6/8 modules 2 active ...nd\src\main\frontend\src\polyfills.ts 10% building modules 7/8 modules 1 active ...nd\src\main\frontend\src\polyfills.ts                                          10% building modules 8/8 modules 0 active                               71% sealing 72% optimizing 73% basic module optimization       74% module optimization 75% advanced module optimization     76% basic chunk optimization 76% basic chunk optimization pass 2 76% basic chunk optimization pass 3              77% chunk optimization 78% advanced chunk optimization 10% building modules 8/9 modules 1 active ...tend\src\main\frontend\src\styles.css                                          11% building modules 9/9 modules 0 active    79% module and chunk tree optimization         80% chunk modules optimization 81% advanced chunk modules optimization                     82% module reviving 83% module order optimization    84% module id optimization         85% chunk reviving 86% chunk order optimization    87% chunk id optimization               88% hashing 89% module assets processing  90% chunk assets processing 91% additional chunk assets processing        91% additional asset processing    92% chunk asset optimization       94% asset optimization                       [0m[0m
2018-02-04 11:53:27,379 [Thread-13] INFO  c.g.e.m.p.f.lib.DefaultNpmRunner - [0mHash: [1m[37m5d50753b77fdb8bac402[39m[22m[0m
2018-02-04 11:53:27,387 [Thread-13] INFO  c.g.e.m.p.f.lib.DefaultNpmRunner - [0mTime: [1m[37m26986[39m[22mms[0m
2018-02-04 11:53:27,387 [Thread-13] INFO  c.g.e.m.p.f.lib.DefaultNpmRunner - [0mchunk {[1m[33m0[39m[22m} [1m[32mstyles.6180b0870026a0400adb.bundle.css[39m[22m (styles) 45 kB [1m[33m[initial][39m[22m[1m[32m [rendered][39m[22m[0m
2018-02-04 11:53:27,387 [Thread-13] INFO  c.g.e.m.p.f.lib.DefaultNpmRunner - [0mchunk {[1m[33m1[39m[22m} [1m[32mpolyfills.3bc34265385d52184eab.bundle.js[39m[22m (polyfills) 86 bytes [1m[33m[initial][39m[22m[1m[32m [rendered][39m[22m[0m
2018-02-04 11:53:27,387 [Thread-13] INFO  c.g.e.m.p.f.lib.DefaultNpmRunner - [0mchunk {[1m[33m2[39m[22m} [1m[32mmain.e402deade8b026b7d50e.bundle.js[39m[22m (main) 84 bytes [1m[33m[initial][39m[22m[1m[32m [rendered][39m[22m[0m
2018-02-04 11:53:27,396 [Thread-13] INFO  c.g.e.m.p.f.lib.DefaultNpmRunner - [0mchunk {[1m[33m3[39m[22m} [1m[32minline.22b7623ed7c5ac6f9a35.bundle.js[39m[22m (inline) 1.45 kB [1m[33m[entry][39m[22m[1m[32m [rendered][39m[22m[0m
2018-02-04 11:53:27,408 [Thread-14] ERROR c.g.e.m.p.f.lib.DefaultNpmRunner - [0m[1m[31mERROR in src/app/notifications/notifications.subscribe.modal.service.ts(13,42): error TS2339: Property 'getNotificationSettings' does not exist on type '{ production: boolean; url: string; appId: string; APARTMENT_NAME: string; NO_OF_ROOMS: string; V...'.[39m[22m[0m
2018-02-04 11:53:27,421 [Thread-14] ERROR c.g.e.m.p.f.lib.DefaultNpmRunner - [0m[1m[31msrc/app/notifications/notifications.subscribe.modal.service.ts(18,42): error TS2339: Property 'subscribeNotifications' does not exist on type '{ production: boolean; url: string; appId: string; APARTMENT_NAME: string; NO_OF_ROOMS: string; V...'.[39m[22m[0m
2018-02-04 11:53:27,436 [Thread-14] ERROR c.g.e.m.p.f.lib.DefaultNpmRunner - [0m[1m[31msrc/app/notifications/notifications.subscribe.modal.ts(152,37): error TS2339: Property 'all' does not exist on type '{ production: boolean; url: string; appId: string; APARTMENT_NAME: string; NO_OF_ROOMS: string; V...'.[39m[22m[0m
2018-02-04 11:53:27,453 [Thread-14] ERROR c.g.e.m.p.f.lib.DefaultNpmRunner - [0m[1m[31msrc/app/dashboard/flashCards/landing.flash.cards.ts(33,9): error TS2554: Expected 1 arguments, but got 0.[39m[22m[0m
2018-02-04 11:53:27,463 [Thread-14] ERROR c.g.e.m.p.f.lib.DefaultNpmRunner - [0m[1m[31m[39m[22m[0m
2018-02-04 11:53:27,491 [Thread-14] ERROR c.g.e.m.p.f.lib.DefaultNpmRunner - npm ERR! code ELIFECYCLE
2018-02-04 11:53:27,500 [Thread-14] ERROR c.g.e.m.p.f.lib.DefaultNpmRunner - npm ERR! errno 1
2018-02-04 11:53:27,517 [Thread-14] ERROR c.g.e.m.p.f.lib.DefaultNpmRunner - npm ERR! ng2boot@0.0.0 prod: `ng build --prod`
2018-02-04 11:53:27,525 [Thread-14] ERROR c.g.e.m.p.f.lib.DefaultNpmRunner - npm ERR! Exit status 1
2018-02-04 11:53:27,533 [Thread-14] ERROR c.g.e.m.p.f.lib.DefaultNpmRunner - npm ERR! 
2018-02-04 11:53:27,542 [Thread-14] ERROR c.g.e.m.p.f.lib.DefaultNpmRunner - npm ERR! Failed at the ng2boot@0.0.0 prod script 'ng build --prod'.
2018-02-04 11:53:27,549 [Thread-14] ERROR c.g.e.m.p.f.lib.DefaultNpmRunner - npm ERR! Make sure you have the latest version of node.js and npm installed.
2018-02-04 11:53:27,558 [Thread-14] ERROR c.g.e.m.p.f.lib.DefaultNpmRunner - npm ERR! If you do, this is most likely a problem with the ng2boot package,
2018-02-04 11:53:27,564 [Thread-14] ERROR c.g.e.m.p.f.lib.DefaultNpmRunner - npm ERR! not with npm itself.
2018-02-04 11:53:27,572 [Thread-14] ERROR c.g.e.m.p.f.lib.DefaultNpmRunner - npm ERR! Tell the author that this fails on your system:
2018-02-04 11:53:27,587 [Thread-14] ERROR c.g.e.m.p.f.lib.DefaultNpmRunner - npm ERR!     ng build --prod
2018-02-04 11:53:27,595 [Thread-14] ERROR c.g.e.m.p.f.lib.DefaultNpmRunner - npm ERR! You can get information on how to open an issue for this project with:
2018-02-04 11:53:27,602 [Thread-14] ERROR c.g.e.m.p.f.lib.DefaultNpmRunner - npm ERR!     npm bugs ng2boot
2018-02-04 11:53:27,618 [Thread-14] ERROR c.g.e.m.p.f.lib.DefaultNpmRunner - npm ERR! Or if that isn't available, you can get their info via:
2018-02-04 11:53:27,628 [Thread-14] ERROR c.g.e.m.p.f.lib.DefaultNpmRunner - npm ERR!     npm owner ls ng2boot
2018-02-04 11:53:27,638 [Thread-14] ERROR c.g.e.m.p.f.lib.DefaultNpmRunner - npm ERR! There is likely additional logging output above.
2018-02-04 11:53:27,645 [Thread-14] ERROR c.g.e.m.p.f.lib.DefaultNpmRunner - 
2018-02-04 11:53:27,658 [Thread-14] ERROR c.g.e.m.p.f.lib.DefaultNpmRunner - npm ERR! A complete log of this run can be found in:
2018-02-04 11:53:27,669 [Thread-14] ERROR c.g.e.m.p.f.lib.DefaultNpmRunner - npm ERR!     C:\Users\SaiKiran\AppData\Roaming\npm-cache\_logs\2018-02-04T16_53_27_476Z-debug.log
2018-02-04 11:53:27,700 [Worker-8] INFO  o.e.m.c.i.embedder.EclipseLogger - Using 'UTF-8' encoding to copy filtered resources.
2018-02-04 11:53:27,700 [Worker-8] INFO  o.e.m.c.i.embedder.EclipseLogger - skip non existing resourceDirectory C:\Users\SaiKiran\Documents\Apurv Project\StudentAssist\frontend\target\frontend
2018-02-04 11:53:27,702 [Worker-8] INFO  o.e.m.c.i.embedder.EclipseLogger - Using 'UTF-8' encoding to copy filtered resources.
2018-02-04 11:53:27,702 [Worker-8] INFO  o.e.m.c.i.embedder.EclipseLogger - skip non existing resourceDirectory C:\Users\SaiKiran\Documents\Apurv Project\StudentAssist\frontend\src\test\resources
2018-02-04 11:53:32,142 [Worker-14] WARN  o.e.m.c.i.embedder.EclipseLogger - The POM for org.crashub:crash.shell:jar:1.3.2 is invalid, transitive dependencies (if any) will not be available, enable debug logging for more details
2018-02-04 11:53:32,337 [Worker-14] INFO  o.e.m.c.i.embedder.EclipseLogger - Using 'UTF-8' encoding to copy filtered resources.
2018-02-04 11:53:32,342 [Worker-14] INFO  o.e.m.c.i.embedder.EclipseLogger - Copying 1 resource
2018-02-04 11:53:32,379 [Worker-14] INFO  o.e.m.c.i.embedder.EclipseLogger - Copying 0 resource
2018-02-04 11:53:32,383 [Worker-14] INFO  o.e.m.c.i.embedder.EclipseLogger - Using 'UTF-8' encoding to copy filtered resources.
2018-02-04 11:53:32,383 [Worker-14] INFO  o.e.m.c.i.embedder.EclipseLogger - skip non existing resourceDirectory C:\Users\SaiKiran\Documents\Apurv Project\StudentAssist\backend\src\test\resources
2018-02-04 12:27:33,178 [Worker-17] INFO  o.e.m.c.i.embedder.EclipseLogger - Using 'UTF-8' encoding to copy filtered resources.
2018-02-04 12:27:33,179 [Worker-17] INFO  o.e.m.c.i.embedder.EclipseLogger - Copying 1 resource
2018-02-04 12:27:33,198 [Worker-17] INFO  o.e.m.c.i.embedder.EclipseLogger - Copying 0 resource
2018-02-04 12:27:33,213 [Worker-17] INFO  o.e.m.c.i.embedder.EclipseLogger - Using 'UTF-8' encoding to copy filtered resources.
2018-02-04 12:27:33,213 [Worker-17] INFO  o.e.m.c.i.embedder.EclipseLogger - skip non existing resourceDirectory C:\Users\SaiKiran\Documents\Apurv Project\StudentAssist\backend\src\test\resources
2018-02-04 12:27:33,901 [Worker-17] INFO  c.g.e.m.p.f.lib.DefaultNpmRunner - Running 'npm install' in C:\Users\SaiKiran\Documents\Apurv Project\StudentAssist\frontend\src\main\frontend
2018-02-04 12:28:03,086 [Thread-36] WARN  c.g.e.m.p.f.lib.DefaultNpmRunner - npm WARN optional SKIPPING OPTIONAL DEPENDENCY: fsevents@^1.0.0 (node_modules\chokidar\node_modules\fsevents):
2018-02-04 12:28:03,092 [Thread-36] WARN  c.g.e.m.p.f.lib.DefaultNpmRunner - npm WARN notsup SKIPPING OPTIONAL DEPENDENCY: Unsupported platform for fsevents@1.1.3: wanted {"os":"darwin","arch":"any"} (current: {"os":"win32","arch":"x64"})
2018-02-04 12:28:03,099 [Thread-36] WARN  c.g.e.m.p.f.lib.DefaultNpmRunner - npm WARN optional SKIPPING OPTIONAL DEPENDENCY: fsevents@^1.0.0 (node_modules\webpack-dev-server\node_modules\chokidar\node_modules\fsevents):
2018-02-04 12:28:03,106 [Thread-36] WARN  c.g.e.m.p.f.lib.DefaultNpmRunner - npm WARN notsup SKIPPING OPTIONAL DEPENDENCY: Unsupported platform for fsevents@1.1.3: wanted {"os":"darwin","arch":"any"} (current: {"os":"win32","arch":"x64"})
2018-02-04 12:28:03,115 [Thread-36] WARN  c.g.e.m.p.f.lib.DefaultNpmRunner - npm WARN ajv-keywords@2.1.1 requires a peer of ajv@^5.0.0 but none was installed.
2018-02-04 12:28:03,123 [Thread-36] WARN  c.g.e.m.p.f.lib.DefaultNpmRunner - npm WARN ng2-carouselamos@3.2.0 requires a peer of @angular/common@^4.0.0 but none was installed.
2018-02-04 12:28:03,131 [Thread-36] WARN  c.g.e.m.p.f.lib.DefaultNpmRunner - npm WARN ng2-carouselamos@3.2.0 requires a peer of @angular/core@^4.0.0 but none was installed.
2018-02-04 12:28:03,142 [Thread-36] WARN  c.g.e.m.p.f.lib.DefaultNpmRunner - npm WARN ng2-cloudinary@0.9.2 requires a peer of @angular/core@^2.2.0 but none was installed.
2018-02-04 12:28:03,148 [Thread-36] WARN  c.g.e.m.p.f.lib.DefaultNpmRunner - npm WARN ng2-file-upload@1.1.4-2 requires a peer of @angular/common@^2.0.0 but none was installed.
2018-02-04 12:28:03,160 [Thread-36] WARN  c.g.e.m.p.f.lib.DefaultNpmRunner - npm WARN ng2-file-upload@1.1.4-2 requires a peer of @angular/compiler@^2.0.0 but none was installed.
2018-02-04 12:28:03,165 [Thread-36] WARN  c.g.e.m.p.f.lib.DefaultNpmRunner - npm WARN ng2-file-upload@1.1.4-2 requires a peer of @angular/core@^2.0.0 but none was installed.
2018-02-04 12:28:03,176 [Thread-36] WARN  c.g.e.m.p.f.lib.DefaultNpmRunner - npm WARN ng2-file-upload@1.1.4-2 requires a peer of @angular/forms@^2.0.0 but none was installed.
2018-02-04 12:28:03,184 [Worker-17] INFO  c.g.e.m.p.f.lib.DefaultNpmRunner - Running 'npm run prod' in C:\Users\SaiKiran\Documents\Apurv Project\StudentAssist\frontend\src\main\frontend
2018-02-04 12:28:03,877 [Thread-38] INFO  c.g.e.m.p.f.lib.DefaultNpmRunner - 
2018-02-04 12:28:03,878 [Thread-38] INFO  c.g.e.m.p.f.lib.DefaultNpmRunner - > ng2boot@0.0.0 prod C:\Users\SaiKiran\Documents\Apurv Project\StudentAssist\frontend\src\main\frontend
2018-02-04 12:28:03,886 [Thread-38] INFO  c.g.e.m.p.f.lib.DefaultNpmRunner - > ng build --prod
2018-02-04 12:28:03,886 [Thread-38] INFO  c.g.e.m.p.f.lib.DefaultNpmRunner - 
2018-02-04 12:28:20,369 [Thread-38] INFO  c.g.e.m.p.f.lib.DefaultNpmRunner - [0mDate: [1m[37m2018-02-04T17:28:20.367Z[39m[22m[0m
2018-02-04 12:28:20,369 [Thread-38] INFO  c.g.e.m.p.f.lib.DefaultNpmRunner - [0mHash: [1m[37mfd3b2f118c58df274e02[39m[22m[0m
2018-02-04 12:28:20,369 [Thread-38] INFO  c.g.e.m.p.f.lib.DefaultNpmRunner - [0mTime: [1m[37m10399[39m[22mms[0m
2018-02-04 12:28:20,369 [Thread-38] INFO  c.g.e.m.p.f.lib.DefaultNpmRunner - [0mchunk {[1m[33m0[39m[22m} [1m[32mstyles.744c6f226a76204f1dd8.bundle.css[39m[22m (styles) 47.3 kB [1m[33m[initial][39m[22m[1m[32m [rendered][39m[22m[0m
2018-02-04 12:28:20,370 [Thread-38] INFO  c.g.e.m.p.f.lib.DefaultNpmRunner - [0mchunk {[1m[33m1[39m[22m} [1m[32mpolyfills.3bc34265385d52184eab.bundle.js[39m[22m (polyfills) 86 bytes [1m[33m[initial][39m[22m[1m[32m [rendered][39m[22m[0m
2018-02-04 12:28:20,370 [Thread-38] INFO  c.g.e.m.p.f.lib.DefaultNpmRunner - [0mchunk {[1m[33m2[39m[22m} [1m[32mmain.e402deade8b026b7d50e.bundle.js[39m[22m (main) 84 bytes [1m[33m[initial][39m[22m[1m[32m [rendered][39m[22m[0m
2018-02-04 12:28:20,371 [Thread-39] ERROR c.g.e.m.p.f.lib.DefaultNpmRunner - [0m[0m
2018-02-04 12:28:20,376 [Thread-38] INFO  c.g.e.m.p.f.lib.DefaultNpmRunner - [0mchunk {[1m[33m3[39m[22m} [1m[32minline.22b7623ed7c5ac6f9a35.bundle.js[39m[22m (inline) 1.45 kB [1m[33m[entry][39m[22m[1m[32m [rendered][39m[22m[0m
2018-02-04 12:28:20,385 [Thread-39] ERROR c.g.e.m.p.f.lib.DefaultNpmRunner - [0m[1m[31mERROR in app\dashboard\modals\landing.add.detail.modal.ts(3,2): Error during template compile of 'landingAddDetailModal'[39m[22m[0m
2018-02-04 12:28:20,393 [Thread-39] ERROR c.g.e.m.p.f.lib.DefaultNpmRunner - [0m[1m[31m  Only initialized variables and constants can be referenced in decorators because the value of this variable is needed by the template compiler in 'Component'[39m[22m[0m
2018-02-04 12:28:20,406 [Thread-39] ERROR c.g.e.m.p.f.lib.DefaultNpmRunner - [0m[1m[31m    'Component' is not initialized at ..\@angular\core\src\metadata\directives.ts(731,22).[39m[22m[0m
2018-02-04 12:28:20,413 [Thread-39] ERROR c.g.e.m.p.f.lib.DefaultNpmRunner - [0m[1m[31msrc/app/accommodation/post/accommodation.post.ts(196,75): error TS2339: Property 'cloudinaryURL' does not exist on type '{ production: boolean; url: string; appId: string; APARTMENT_NAME: string; NO_OF_ROOMS: string; V...'.[39m[22m[0m
2018-02-04 12:28:20,422 [Thread-39] ERROR c.g.e.m.p.f.lib.DefaultNpmRunner - [0m[1m[31msrc/app/accommodation/post/accommodation.post.ts(210,37): error TS2339: Property 'upload_preset' does not exist on type '{ production: boolean; url: string; appId: string; APARTMENT_NAME: string; NO_OF_ROOMS: string; V...'.[39m[22m[0m
2018-02-04 12:28:20,429 [Thread-39] ERROR c.g.e.m.p.f.lib.DefaultNpmRunner - [0m[1m[31msrc/app/accommodation/post/accommodation.post.ts(210,64): error TS2339: Property 'CLOUDINARY_PRESET_VALUE' does not exist on type '{ production: boolean; url: string; appId: string; APARTMENT_NAME: string; NO_OF_ROOMS: string; V...'.[39m[22m[0m
2018-02-04 12:28:20,444 [Thread-39] ERROR c.g.e.m.p.f.lib.DefaultNpmRunner - [0m[1m[31msrc/app/accommodation/post/accommodation.post.ts(211,37): error TS2339: Property 'file' does not exist on type '{ production: boolean; url: string; appId: string; APARTMENT_NAME: string; NO_OF_ROOMS: string; V...'.[39m[22m[0m
2018-02-04 12:28:20,453 [Thread-39] ERROR c.g.e.m.p.f.lib.DefaultNpmRunner - [0m[1m[31msrc/app/accommodation/post/accommodation.post.ts(219,44): error TS2339: Property 'createAccommodationAdd' does not exist on type '{ production: boolean; url: string; appId: string; APARTMENT_NAME: string; NO_OF_ROOMS: string; V...'.[39m[22m[0m
2018-02-04 12:28:20,460 [Thread-39] ERROR c.g.e.m.p.f.lib.DefaultNpmRunner - [0m[1m[31msrc/app/accommodation/post/accommodation.post.ts(238,58): error TS2339: Property 'success' does not exist on type '{ production: boolean; url: string; appId: string; APARTMENT_NAME: string; NO_OF_ROOMS: string; V...'.[39m[22m[0m
2018-02-04 12:28:20,467 [Thread-39] ERROR c.g.e.m.p.f.lib.DefaultNpmRunner - [0m[1m[31m[39m[22m[0m
2018-02-04 12:28:20,476 [Thread-39] ERROR c.g.e.m.p.f.lib.DefaultNpmRunner - npm ERR! code ELIFECYCLE
2018-02-04 12:28:20,483 [Thread-39] ERROR c.g.e.m.p.f.lib.DefaultNpmRunner - npm ERR! errno 1
2018-02-04 12:28:20,491 [Thread-39] ERROR c.g.e.m.p.f.lib.DefaultNpmRunner - npm ERR! ng2boot@0.0.0 prod: `ng build --prod`
2018-02-04 12:28:20,498 [Thread-39] ERROR c.g.e.m.p.f.lib.DefaultNpmRunner - npm ERR! Exit status 1
2018-02-04 12:28:20,509 [Thread-39] ERROR c.g.e.m.p.f.lib.DefaultNpmRunner - npm ERR! 
2018-02-04 12:28:20,516 [Thread-39] ERROR c.g.e.m.p.f.lib.DefaultNpmRunner - npm ERR! Failed at the ng2boot@0.0.0 prod script 'ng build --prod'.
2018-02-04 12:28:20,524 [Thread-39] ERROR c.g.e.m.p.f.lib.DefaultNpmRunner - npm ERR! Make sure you have the latest version of node.js and npm installed.
2018-02-04 12:28:20,530 [Thread-39] ERROR c.g.e.m.p.f.lib.DefaultNpmRunner - npm ERR! If you do, this is most likely a problem with the ng2boot package,
2018-02-04 12:28:20,536 [Thread-39] ERROR c.g.e.m.p.f.lib.DefaultNpmRunner - npm ERR! not with npm itself.
2018-02-04 12:28:20,542 [Thread-39] ERROR c.g.e.m.p.f.lib.DefaultNpmRunner - npm ERR! Tell the author that this fails on your system:
2018-02-04 12:28:20,550 [Thread-39] ERROR c.g.e.m.p.f.lib.DefaultNpmRunner - npm ERR!     ng build --prod
2018-02-04 12:28:20,556 [Thread-39] ERROR c.g.e.m.p.f.lib.DefaultNpmRunner - npm ERR! You can get information on how to open an issue for this project with:
2018-02-04 12:28:20,564 [Thread-39] ERROR c.g.e.m.p.f.lib.DefaultNpmRunner - npm ERR!     npm bugs ng2boot
2018-02-04 12:28:20,572 [Thread-39] ERROR c.g.e.m.p.f.lib.DefaultNpmRunner - npm ERR! Or if that isn't available, you can get their info via:
2018-02-04 12:28:20,578 [Thread-39] ERROR c.g.e.m.p.f.lib.DefaultNpmRunner - npm ERR!     npm owner ls ng2boot
2018-02-04 12:28:20,585 [Thread-39] ERROR c.g.e.m.p.f.lib.DefaultNpmRunner - npm ERR! There is likely additional logging output above.
2018-02-04 12:28:20,592 [Thread-39] ERROR c.g.e.m.p.f.lib.DefaultNpmRunner - 
2018-02-04 12:28:20,599 [Thread-39] ERROR c.g.e.m.p.f.lib.DefaultNpmRunner - npm ERR! A complete log of this run can be found in:
2018-02-04 12:28:20,608 [Thread-39] ERROR c.g.e.m.p.f.lib.DefaultNpmRunner - npm ERR!     C:\Users\SaiKiran\AppData\Roaming\npm-cache\_logs\2018-02-04T17_28_20_454Z-debug.log
2018-02-04 12:28:20,620 [Worker-17] INFO  o.e.m.c.i.embedder.EclipseLogger - Using 'UTF-8' encoding to copy filtered resources.
2018-02-04 12:28:20,627 [Worker-17] INFO  o.e.m.c.i.embedder.EclipseLogger - skip non existing resourceDirectory C:\Users\SaiKiran\Documents\Apurv Project\StudentAssist\frontend\target\frontend
2018-02-04 12:28:20,629 [Worker-17] INFO  o.e.m.c.i.embedder.EclipseLogger - Using 'UTF-8' encoding to copy filtered resources.
2018-02-04 12:28:20,629 [Worker-17] INFO  o.e.m.c.i.embedder.EclipseLogger - skip non existing resourceDirectory C:\Users\SaiKiran\Documents\Apurv Project\StudentAssist\frontend\src\test\resources
2018-02-04 14:01:34,238 [Worker-29] INFO  o.e.m.c.i.embedder.EclipseLogger - Skipping npm install as package.json unchanged
2018-02-04 14:01:34,240 [Worker-29] INFO  o.e.m.c.i.embedder.EclipseLogger - Skipping npm install as package.json unchanged
2018-02-04 14:01:34,245 [Worker-29] INFO  o.e.m.c.i.embedder.EclipseLogger - Using 'UTF-8' encoding to copy filtered resources.
2018-02-04 14:01:34,246 [Worker-29] INFO  o.e.m.c.i.embedder.EclipseLogger - skip non existing resourceDirectory C:\Users\SaiKiran\Documents\Apurv Project\StudentAssist\frontend\target\frontend
2018-02-04 14:01:34,248 [Worker-29] INFO  o.e.m.c.i.embedder.EclipseLogger - Using 'UTF-8' encoding to copy filtered resources.
2018-02-04 14:01:34,248 [Worker-29] INFO  o.e.m.c.i.embedder.EclipseLogger - skip non existing resourceDirectory C:\Users\SaiKiran\Documents\Apurv Project\StudentAssist\frontend\src\test\resources
